<?xml version="1.0" encoding="UTF-8"?>
<!-- Generated by org.testng.reporters.JUnitReportReporter -->
<testsuite hostname="AdarshMP" failures="0" tests="1" name="More_Campaigns.CreateCampaignTestNg" time="31.832" errors="0" timestamp="2023-09-19T23:17:48 IST" skipped="0">
  <testcase classname="More_Campaigns.CreateCampaignTestNg" name="CreateCampaignTestNg" time="31.832"/>
</testsuite> <!-- More_Campaigns.CreateCampaignTestNg -->
