<?xml version="1.0" encoding="UTF-8"?>
<!-- Generated by org.testng.reporters.JUnitReportReporter -->
<testsuite hostname="AdarshMP" failures="0" tests="6" name="Practice.TestNgclass1" time="0.030" errors="0" timestamp="2023-08-18T22:37:38 IST" skipped="0">
  <testcase classname="Practice.TestNgclass1" name="ModifyProductName" time="0.014"/>
  <testcase classname="Practice.TestNgclass1" name="DeleteProdName" time="0.003"/>
  <testcase classname="Practice.TestNgclass1" name="CreatedProductName" time="0.003"/>
  <testcase classname="Practice.TestNgclass1" name="DeleteProdName" time="0.002"/>
  <testcase classname="Practice.TestNgclass1" name="DeleteProdName" time="0.003"/>
  <testcase classname="Practice.TestNgclass1" name="DeleteProdName" time="0.005"/>
</testsuite> <!-- Practice.TestNgclass1 -->
