<?xml version="1.0" encoding="UTF-8"?>
<!-- Generated by org.testng.reporters.JUnitReportReporter -->
<testsuite hostname="AdarshMP" failures="0" tests="3" name="Practice.TestNgClass2" time="0.018" errors="0" timestamp="2023-08-19T02:04:24 IST" skipped="0">
  <testcase classname="Practice.TestNgClass2" name="ModifyProductName" time="0.003"/>
  <testcase classname="Practice.TestNgClass2" name="CreatedProductName" time="0.012"/>
  <testcase classname="Practice.TestNgClass2" name="DeleteProdName" time="0.003"/>
</testsuite> <!-- Practice.TestNgClass2 -->
