<?xml version="1.0" encoding="UTF-8"?>
<!-- Generated by org.testng.reporters.JUnitReportReporter -->
<testsuite hostname="AdarshMP" failures="0" tests="3" name="Practice.DataProviderEX2" time="86.694" errors="0" timestamp="2023-09-11T00:47:35 IST" skipped="0">
  <testcase classname="Practice.DataProviderEX2" name="Vtiger" time="23.194"/>
  <testcase classname="Practice.DataProviderEX2" name="Vtiger" time="28.027"/>
  <testcase classname="Practice.DataProviderEX2" name="Vtiger" time="35.473"/>
</testsuite> <!-- Practice.DataProviderEX2 -->
