<?xml version="1.0" encoding="UTF-8"?>
<!-- Generated by org.testng.reporters.JUnitReportReporter -->
<testsuite hostname="AdarshMP" failures="0" tests="2" name="More_Campaigns.CreateCampaignTestNg1" time="167.198" errors="0" timestamp="2023-09-19T23:00:23 IST" skipped="0">
  <testcase classname="More_Campaigns.CreateCampaignTestNg1" name="CreateOrganizationTestNg" time="56.469"/>
  <testcase classname="More_Campaigns.CreateCampaignTestNg1" name="ProductNg" time="110.729"/>
</testsuite> <!-- More_Campaigns.CreateCampaignTestNg1 -->
