<?xml version="1.0" encoding="UTF-8"?>
<!-- Generated by org.testng.reporters.JUnitReportReporter -->
<testsuite hostname="AdarshMP" failures="0" tests="1" name="CampaignUsingProduct.CreateCampaignwithProductTestNg" time="51.668" errors="0" timestamp="2023-09-19T23:17:48 IST" skipped="0">
  <testcase classname="CampaignUsingProduct.CreateCampaignwithProductTestNg" name="CreateCampaignwithProductTestNg" time="51.668"/>
</testsuite> <!-- CampaignUsingProduct.CreateCampaignwithProductTestNg -->
