<?xml version="1.0" encoding="UTF-8"?>
<!-- Generated by org.testng.reporters.JUnitReportReporter -->
<testsuite hostname="AdarshMP" failures="0" tests="1" name="More_Campaigns.CreateCampaignTestNg2" time="32.338" errors="0" timestamp="2023-09-20T15:28:11 IST" skipped="0">
  <testcase classname="More_Campaigns.CreateCampaignTestNg2" name="CreateCampaignTestNg2" time="32.338"/>
</testsuite> <!-- More_Campaigns.CreateCampaignTestNg2 -->
