<?xml version="1.0" encoding="UTF-8"?>
<!-- Generated by org.testng.reporters.JUnitReportReporter -->
<testsuite hostname="AdarshMP" failures="0" tests="1" name="Product.ProductNg2" time="28.433" errors="0" timestamp="2023-09-19T23:14:31 IST" skipped="0">
  <testcase classname="Product.ProductNg2" name="ProductNg2" time="28.433"/>
</testsuite> <!-- Product.ProductNg2 -->
