<?xml version="1.0" encoding="UTF-8"?>
<!-- Generated by org.testng.reporters.JUnitReportReporter -->
<testsuite hostname="AdarshMP" failures="0" tests="3" name="Practice.TestNgClass" time="22.289" errors="0" timestamp="2023-08-19T02:09:05 IST" skipped="1">
  <testcase classname="Practice.TestNgClass" name="ModifyProductName" time="22.286"/>
  <testcase classname="Practice.TestNgClass" name="DeleteProdName" time="0.003"/>
  <testcase classname="Practice.TestNgClass" name="CreatedProductName">
    <skipped/>
  </testcase> <!-- CreatedProductName -->
</testsuite> <!-- Practice.TestNgClass -->
