<?xml version="1.0" encoding="UTF-8"?>
<!-- Generated by org.testng.reporters.JUnitReportReporter -->
<testsuite hostname="AdarshMP" failures="0" tests="1" name="More_Campaigns.CreateCampaignUsingTest" time="83.404" errors="0" timestamp="2023-08-28T03:00:28 IST" skipped="0">
  <testcase classname="More_Campaigns.CreateCampaignUsingTest" name="CreateCampaignUsingTest" time="83.404"/>
</testsuite> <!-- More_Campaigns.CreateCampaignUsingTest -->
