<?xml version="1.0" encoding="UTF-8"?>
<!-- Generated by org.testng.reporters.JUnitReportReporter -->
<testsuite hostname="AdarshMP" failures="0" tests="3" name="Practice.DataProviderEx3" time="0.014" errors="0" timestamp="2023-09-11T22:01:47 IST" skipped="0">
  <testcase classname="Practice.DataProviderEx3" name="bookTickets" time="0.003"/>
  <testcase classname="Practice.DataProviderEx3" name="bookTickets" time="0.008"/>
  <testcase classname="Practice.DataProviderEx3" name="bookTickets" time="0.003"/>
</testsuite> <!-- Practice.DataProviderEx3 -->
