<?xml version="1.0" encoding="UTF-8"?>
<!-- Generated by org.testng.reporters.JUnitReportReporter -->
<testsuite hostname="AdarshMP" failures="0" tests="1" name="Product.ProductNg" time="38.347" errors="0" timestamp="2023-09-19T23:17:48 IST" skipped="0">
  <testcase classname="Product.ProductNg" name="ProductNg" time="38.347"/>
</testsuite> <!-- Product.ProductNg -->
