<?xml version="1.0" encoding="UTF-8"?>
<!-- Generated by org.testng.reporters.JUnitReportReporter -->
<testsuite hostname="AdarshMP" failures="0" tests="3" name="Practice.DataProviderEX1" time="0.027" errors="0" timestamp="2023-09-10T21:41:34 IST" skipped="0">
  <testcase classname="Practice.DataProviderEX1" name="bookTicket" time="0.012"/>
  <testcase classname="Practice.DataProviderEX1" name="bookTicket" time="0.011"/>
  <testcase classname="Practice.DataProviderEX1" name="bookTicket" time="0.004"/>
</testsuite> <!-- Practice.DataProviderEX1 -->
