<?xml version="1.0" encoding="UTF-8"?>
<!-- Generated by org.testng.reporters.JUnitReportReporter -->
<testsuite hostname="AdarshMP" failures="0" tests="1" name="Product.CreateProductandDelete2TestNg" time="33.540" errors="0" timestamp="2023-09-19T00:10:21 IST" skipped="0">
  <testcase classname="Product.CreateProductandDelete2TestNg" name="CreateProductandDelete2TestNg" time="33.540"/>
</testsuite> <!-- Product.CreateProductandDelete2TestNg -->
