<?xml version="1.0" encoding="UTF-8"?>
<!-- Generated by org.testng.reporters.JUnitReportReporter -->
<testsuite hostname="AdarshMP" failures="0" tests="1" name="Product.ProductNg" time="24.455" errors="0" timestamp="2023-09-21T15:20:31 IST" skipped="0">
  <testcase classname="Product.ProductNg" name="ProductNg" time="24.455"/>
</testsuite> <!-- Product.ProductNg -->
