<?xml version="1.0" encoding="UTF-8"?>
<!-- Generated by org.testng.reporters.JUnitReportReporter -->
<testsuite hostname="AdarshMP" failures="0" tests="1" name="Generic_Utilities.BaseClass1" time="0.010" errors="0" timestamp="2023-08-19T04:01:01 IST" skipped="0">
  <testcase classname="Generic_Utilities.BaseClass1" name="beforeClass" time="0.010"/>
</testsuite> <!-- Generic_Utilities.BaseClass1 -->
