<?xml version="1.0" encoding="UTF-8"?>
<!-- Generated by org.testng.reporters.JUnitReportReporter -->
<testsuite hostname="AdarshMP" failures="0" tests="1" name="Product.CreateProductandDelete2TestNg2" time="37.899" errors="0" timestamp="2023-09-19T23:13:37 IST" skipped="0">
  <testcase classname="Product.CreateProductandDelete2TestNg2" name="CreateProductandDelete2TestNg2" time="37.899"/>
</testsuite> <!-- Product.CreateProductandDelete2TestNg2 -->
