<?xml version="1.0" encoding="UTF-8"?>
<!-- Generated by org.testng.reporters.JUnitReportReporter -->
<testsuite hostname="AdarshMP" failures="0" tests="1" name="CampaignUsingProduct.CreateCampaignWithProduct1UsingPOM" time="56.685" errors="0" timestamp="2023-08-19T02:26:32 IST" skipped="0">
  <testcase classname="CampaignUsingProduct.CreateCampaignWithProduct1UsingPOM" name="CreateCampaignWithProduct1UsingPOM" time="56.685"/>
</testsuite> <!-- CampaignUsingProduct.CreateCampaignWithProduct1UsingPOM -->
