<?xml version="1.0" encoding="UTF-8"?>
<!-- Generated by org.testng.reporters.JUnitReportReporter -->
<testsuite hostname="AdarshMP" failures="0" tests="2" name="Practice.SoftAssert" time="0.018" errors="0" timestamp="2023-09-12T17:30:53 IST" skipped="0">
  <testcase classname="Practice.SoftAssert" name="modifyCustomerTest" time="0.003"/>
  <testcase classname="Practice.SoftAssert" name="createCustomerTest" time="0.015"/>
</testsuite> <!-- Practice.SoftAssert -->
